2019-12-03 12:05:30 [INFO   ] Start 
2019-12-03 12:05:30 [INFO   ] Запись лога с уровнем INFO (информационная) 
2019-12-03 12:05:30 [WARNING] Запись лога с уровнем WARNING (Предупреждение) 
2019-12-03 12:05:30 [SEVERE ] Запись лога с уровнем SEVERE (серъёзная ошибка) 
2019-12-03 12:05:30 [INFO   ] Some message 
2019-12-03 12:05:30 [WARNING] Some! 
2019-12-03 12:05:30 [INFO   ] End 
2019-12-03 12:05:32 [INFO   ] Start 
2019-12-03 12:05:32 [INFO   ] Запись лога с уровнем INFO (информационная) 
2019-12-03 12:05:32 [WARNING] Запись лога с уровнем WARNING (Предупреждение) 
2019-12-03 12:05:32 [SEVERE ] Запись лога с уровнем SEVERE (серъёзная ошибка) 
2019-12-03 12:05:32 [INFO   ] Some message 
2019-12-03 12:05:32 [WARNING] Some! 
2019-12-03 12:05:32 [INFO   ] End 
2019-12-03 12:17:50 [INFO   ] Start 
2019-12-03 12:17:50 [INFO   ] Запись лога с уровнем INFO (информационная) 
2019-12-03 12:17:50 [WARNING] Запись лога с уровнем WARNING (Предупреждение) 
2019-12-03 12:17:50 [SEVERE ] Запись лога с уровнем SEVERE (серъёзная ошибка) 
2019-12-03 12:17:50 [INFO   ] Some message 
2019-12-03 12:17:50 [WARNING] Some! 
2019-12-03 12:17:50 [INFO   ] End 
2019-12-03 12:22:01 [INFO   ] Start 
2019-12-03 12:22:01 [INFO   ] Запись лога с уровнем INFO (информационная) 
2019-12-03 12:22:01 [WARNING] Запись лога с уровнем WARNING (Предупреждение) 
2019-12-03 12:22:01 [SEVERE ] Запись лога с уровнем SEVERE (серъёзная ошибка) 
2019-12-03 12:22:01 [INFO   ] Some message 
2019-12-03 12:22:01 [WARNING] Some! 
2019-12-03 12:22:01 [INFO   ] End 
