2019-12-03 12:05:30 [INFO ] MY_JAVA_CLASS:24 - Start log4j
2019-12-03 12:05:30 [INFO ] MY_JAVA_CLASS:25 - Hi Logger info!
2019-12-03 12:05:30 [WARN ] MY_JAVA_CLASS:26 - Warrning!
2019-12-03 12:05:30 [ERROR] MY_JAVA_CLASS:27 - Error!
2019-12-03 12:05:30 [FATAL] MY_JAVA_CLASS:28 - Fatal error!
2019-12-03 12:05:30 [INFO ] MY_JAVA_CLASS:29 - End log4j
2019-12-03 12:05:32 [INFO ] MY_JAVA_CLASS:24 - Start log4j
2019-12-03 12:05:32 [INFO ] MY_JAVA_CLASS:25 - Hi Logger info!
2019-12-03 12:05:32 [WARN ] MY_JAVA_CLASS:26 - Warrning!
2019-12-03 12:05:32 [ERROR] MY_JAVA_CLASS:27 - Error!
2019-12-03 12:05:32 [FATAL] MY_JAVA_CLASS:28 - Fatal error!
2019-12-03 12:05:32 [INFO ] MY_JAVA_CLASS:29 - End log4j
2019-12-03 12:17:50 [INFO ] MY_JAVA_CLASS:22 - Start log4j
2019-12-03 12:17:50 [INFO ] MY_JAVA_CLASS:23 - Hi Logger info!
2019-12-03 12:17:50 [WARN ] MY_JAVA_CLASS:24 - Warrning!
2019-12-03 12:17:50 [ERROR] MY_JAVA_CLASS:25 - Error!
2019-12-03 12:17:50 [FATAL] MY_JAVA_CLASS:26 - Fatal error!
2019-12-03 12:17:50 [INFO ] MY_JAVA_CLASS:27 - End log4j
2019-12-03 12:22:01 [INFO ] MY_JAVA_CLASS:35 - Start log4j
2019-12-03 12:22:01 [INFO ] MY_JAVA_CLASS:36 - Hi Logger info!
2019-12-03 12:22:01 [WARN ] MY_JAVA_CLASS:37 - Warrning!
2019-12-03 12:22:01 [ERROR] MY_JAVA_CLASS:38 - Error!
2019-12-03 12:22:01 [FATAL] MY_JAVA_CLASS:39 - Fatal error!
2019-12-03 12:22:01 [INFO ] MY_JAVA_CLASS:40 - End log4j
